2023-06-16T13:29:22.124+08:00  INFO 23093 --- [restartedMain] o.s.boot.SpringApplication               : [32m
  /$$$$$$   /$$$$$$  /$$$$$$$  /$$   /$$       /$$$$$$ /$$$$$$$$ /$$$$$$   /$$$$$$  /$$     /$$ /$$$$$$   /$$$$$$  /$$     /$$
 /$$__  $$ /$$__  $$| $$__  $$| $$$ | $$      |_  $$_/|__  $$__//$$__  $$ /$$__  $$|  $$   /$$//$$__  $$ /$$__  $$|  $$   /$$/
| $$  \__/| $$  \__/| $$  \ $$| $$$$| $$        | $$     | $$  | $$  \__/| $$  \ $$ \  $$ /$$/| $$  \__/| $$  \ $$ \  $$ /$$/
| $$      |  $$$$$$ | $$  | $$| $$ $$ $$ /$$$$$$| $$     | $$  |  $$$$$$ | $$$$$$$$  \  $$$$/ |  $$$$$$ | $$$$$$$$  \  $$$$/
| $$       \____  $$| $$  | $$| $$  $$$$|______/| $$     | $$   \____  $$| $$__  $$   \  $$/   \____  $$| $$__  $$   \  $$/
| $$    $$ /$$  \ $$| $$  | $$| $$\  $$$        | $$     | $$   /$$  \ $$| $$  | $$    | $$    /$$  \ $$| $$  | $$    | $$
|  $$$$$$/|  $$$$$$/| $$$$$$$/| $$ \  $$       /$$$$$$   | $$  |  $$$$$$/| $$  | $$    | $$   |  $$$$$$/| $$  | $$    | $$
 \______/  \______/ |_______/ |__/  \__/      |______/   |__/   \______/ |__/  |__/    |__/    \______/ |__/  |__/    |__/
[39m
::Spring Boot Version: [31m (v3.1.0)[39m
::Application Version: [31m[39m

custom: ${key}

2023-06-16T13:29:22.179+08:00  INFO 23093 --- [restartedMain] c.s.demo.SpringBootDemoApplication       : Starting SpringBootDemoApplication using Java 17.0.7 with PID 23093 (/Users/chenjujun/java-projects/Spring-Boot-Demo/Spring-Boot-Demo/target/classes started by apple in /Users/chenjujun/java-projects/Spring-Boot-Demo/Spring-Boot-Demo)
2023-06-16T13:29:22.179+08:00  INFO 23093 --- [restartedMain] c.s.demo.SpringBootDemoApplication       : No active profile set, falling back to 1 default profile: "default"
2023-06-16T13:29:22.206+08:00  INFO 23093 --- [restartedMain] .e.DevToolsPropertyDefaultsPostProcessor : Devtools property defaults active! Set 'spring.devtools.add-properties' to 'false' to disable
2023-06-16T13:29:22.206+08:00  INFO 23093 --- [restartedMain] .e.DevToolsPropertyDefaultsPostProcessor : For additional web related logging consider setting the 'logging.level.web' property to 'DEBUG'
2023-06-16T13:29:22.834+08:00  INFO 23093 --- [restartedMain] o.s.b.w.embedded.tomcat.TomcatWebServer  : Tomcat initialized with port(s): 8080 (http)
2023-06-16T13:29:22.841+08:00  INFO 23093 --- [restartedMain] o.apache.catalina.core.StandardService   : Starting service [Tomcat]
2023-06-16T13:29:22.841+08:00  INFO 23093 --- [restartedMain] o.apache.catalina.core.StandardEngine    : Starting Servlet engine: [Apache Tomcat/10.1.8]
2023-06-16T13:29:22.878+08:00  INFO 23093 --- [restartedMain] o.a.c.c.C.[Tomcat].[localhost].[/]       : Initializing Spring embedded WebApplicationContext
2023-06-16T13:29:22.878+08:00  INFO 23093 --- [restartedMain] w.s.c.ServletWebServerApplicationContext : Root WebApplicationContext: initialization completed in 672 ms
2023-06-16T13:29:22.901+08:00  INFO 23093 --- [restartedMain] com.zaxxer.hikari.HikariDataSource       : HikariPool-1 - Starting...
2023-06-16T13:29:23.034+08:00  INFO 23093 --- [restartedMain] com.zaxxer.hikari.pool.HikariPool        : HikariPool-1 - Added connection conn0: url=jdbc:h2:./spring-boot-demo user=ROOT
2023-06-16T13:29:23.035+08:00  INFO 23093 --- [restartedMain] com.zaxxer.hikari.HikariDataSource       : HikariPool-1 - Start completed.
2023-06-16T13:29:23.043+08:00  INFO 23093 --- [restartedMain] o.s.b.a.h2.H2ConsoleAutoConfiguration    : H2 console available at '/h2-console'. Database available at 'jdbc:h2:./spring-boot-demo'
2023-06-16T13:29:23.307+08:00  INFO 23093 --- [restartedMain] o.s.b.d.a.OptionalLiveReloadServer       : LiveReload server is running on port 35729
2023-06-16T13:29:23.329+08:00  INFO 23093 --- [restartedMain] o.s.b.w.embedded.tomcat.TomcatWebServer  : Tomcat started on port(s): 8080 (http) with context path ''
2023-06-16T13:29:23.337+08:00  INFO 23093 --- [restartedMain] c.s.demo.SpringBootDemoApplication       : Started SpringBootDemoApplication in 1.504 seconds (process running for 1.899)
2023-06-16T15:21:19.624+08:00  INFO 23093 --- [SpringApplicationShutdownHook] com.zaxxer.hikari.HikariDataSource       : HikariPool-1 - Shutdown initiated...
2023-06-16T15:21:19.634+08:00  INFO 23093 --- [SpringApplicationShutdownHook] com.zaxxer.hikari.HikariDataSource       : HikariPool-1 - Shutdown completed.
2023-06-16T16:30:54.976+08:00  INFO 26089 --- [restartedMain] o.s.boot.SpringApplication               : [32m
  /$$$$$$   /$$$$$$  /$$$$$$$  /$$   /$$       /$$$$$$ /$$$$$$$$ /$$$$$$   /$$$$$$  /$$     /$$ /$$$$$$   /$$$$$$  /$$     /$$
 /$$__  $$ /$$__  $$| $$__  $$| $$$ | $$      |_  $$_/|__  $$__//$$__  $$ /$$__  $$|  $$   /$$//$$__  $$ /$$__  $$|  $$   /$$/
| $$  \__/| $$  \__/| $$  \ $$| $$$$| $$        | $$     | $$  | $$  \__/| $$  \ $$ \  $$ /$$/| $$  \__/| $$  \ $$ \  $$ /$$/
| $$      |  $$$$$$ | $$  | $$| $$ $$ $$ /$$$$$$| $$     | $$  |  $$$$$$ | $$$$$$$$  \  $$$$/ |  $$$$$$ | $$$$$$$$  \  $$$$/
| $$       \____  $$| $$  | $$| $$  $$$$|______/| $$     | $$   \____  $$| $$__  $$   \  $$/   \____  $$| $$__  $$   \  $$/
| $$    $$ /$$  \ $$| $$  | $$| $$\  $$$        | $$     | $$   /$$  \ $$| $$  | $$    | $$    /$$  \ $$| $$  | $$    | $$
|  $$$$$$/|  $$$$$$/| $$$$$$$/| $$ \  $$       /$$$$$$   | $$  |  $$$$$$/| $$  | $$    | $$   |  $$$$$$/| $$  | $$    | $$
 \______/  \______/ |_______/ |__/  \__/      |______/   |__/   \______/ |__/  |__/    |__/    \______/ |__/  |__/    |__/
[39m
::Spring Boot Version: [31m (v3.1.0)[39m
::Application Version: [31m[39m

custom: ${key}

2023-06-16T16:30:55.014+08:00  INFO 26089 --- [restartedMain] c.s.demo.SpringBootDemoApplication       : Starting SpringBootDemoApplication using Java 17.0.7 with PID 26089 (/Users/chenjujun/java-projects/Spring-Boot-Demo/Spring-Boot-Demo/target/classes started by apple in /Users/chenjujun/java-projects/Spring-Boot-Demo/Spring-Boot-Demo)
2023-06-16T16:30:55.018+08:00  INFO 26089 --- [restartedMain] c.s.demo.SpringBootDemoApplication       : No active profile set, falling back to 1 default profile: "default"
2023-06-16T16:30:55.047+08:00  INFO 26089 --- [restartedMain] .e.DevToolsPropertyDefaultsPostProcessor : Devtools property defaults active! Set 'spring.devtools.add-properties' to 'false' to disable
2023-06-16T16:30:55.047+08:00  INFO 26089 --- [restartedMain] .e.DevToolsPropertyDefaultsPostProcessor : For additional web related logging consider setting the 'logging.level.web' property to 'DEBUG'
2023-06-16T16:30:55.722+08:00  INFO 26089 --- [restartedMain] o.s.b.w.embedded.tomcat.TomcatWebServer  : Tomcat initialized with port(s): 8080 (http)
2023-06-16T16:30:55.729+08:00  INFO 26089 --- [restartedMain] o.apache.catalina.core.StandardService   : Starting service [Tomcat]
2023-06-16T16:30:55.730+08:00  INFO 26089 --- [restartedMain] o.apache.catalina.core.StandardEngine    : Starting Servlet engine: [Apache Tomcat/10.1.8]
2023-06-16T16:30:55.774+08:00  INFO 26089 --- [restartedMain] o.a.c.c.C.[Tomcat].[localhost].[/]       : Initializing Spring embedded WebApplicationContext
2023-06-16T16:30:55.775+08:00  INFO 26089 --- [restartedMain] w.s.c.ServletWebServerApplicationContext : Root WebApplicationContext: initialization completed in 728 ms
2023-06-16T16:30:55.794+08:00  INFO 26089 --- [restartedMain] com.zaxxer.hikari.HikariDataSource       : HikariPool-1 - Starting...
2023-06-16T16:30:55.934+08:00  INFO 26089 --- [restartedMain] com.zaxxer.hikari.pool.HikariPool        : HikariPool-1 - Added connection conn0: url=jdbc:h2:./spring-boot-demo user=ROOT
2023-06-16T16:30:55.936+08:00  INFO 26089 --- [restartedMain] com.zaxxer.hikari.HikariDataSource       : HikariPool-1 - Start completed.
2023-06-16T16:30:55.946+08:00  INFO 26089 --- [restartedMain] o.s.b.a.h2.H2ConsoleAutoConfiguration    : H2 console available at '/h2-console'. Database available at 'jdbc:h2:./spring-boot-demo'
2023-06-16T16:30:56.187+08:00  INFO 26089 --- [restartedMain] o.s.b.d.a.OptionalLiveReloadServer       : LiveReload server is running on port 35729
2023-06-16T16:30:56.209+08:00  INFO 26089 --- [restartedMain] o.s.b.w.embedded.tomcat.TomcatWebServer  : Tomcat started on port(s): 8080 (http) with context path ''
2023-06-16T16:30:56.215+08:00  INFO 26089 --- [restartedMain] c.s.demo.SpringBootDemoApplication       : Started SpringBootDemoApplication in 1.503 seconds (process running for 2.148)
2023-06-16T16:31:48.862+08:00  INFO 26089 --- [SpringApplicationShutdownHook] com.zaxxer.hikari.HikariDataSource       : HikariPool-1 - Shutdown initiated...
2023-06-16T16:31:48.863+08:00  INFO 26089 --- [SpringApplicationShutdownHook] com.zaxxer.hikari.HikariDataSource       : HikariPool-1 - Shutdown completed.
2023-06-16T16:31:51.160+08:00  INFO 26115 --- [restartedMain] o.s.boot.SpringApplication               : [32m
  /$$$$$$   /$$$$$$  /$$$$$$$  /$$   /$$       /$$$$$$ /$$$$$$$$ /$$$$$$   /$$$$$$  /$$     /$$ /$$$$$$   /$$$$$$  /$$     /$$
 /$$__  $$ /$$__  $$| $$__  $$| $$$ | $$      |_  $$_/|__  $$__//$$__  $$ /$$__  $$|  $$   /$$//$$__  $$ /$$__  $$|  $$   /$$/
| $$  \__/| $$  \__/| $$  \ $$| $$$$| $$        | $$     | $$  | $$  \__/| $$  \ $$ \  $$ /$$/| $$  \__/| $$  \ $$ \  $$ /$$/
| $$      |  $$$$$$ | $$  | $$| $$ $$ $$ /$$$$$$| $$     | $$  |  $$$$$$ | $$$$$$$$  \  $$$$/ |  $$$$$$ | $$$$$$$$  \  $$$$/
| $$       \____  $$| $$  | $$| $$  $$$$|______/| $$     | $$   \____  $$| $$__  $$   \  $$/   \____  $$| $$__  $$   \  $$/
| $$    $$ /$$  \ $$| $$  | $$| $$\  $$$        | $$     | $$   /$$  \ $$| $$  | $$    | $$    /$$  \ $$| $$  | $$    | $$
|  $$$$$$/|  $$$$$$/| $$$$$$$/| $$ \  $$       /$$$$$$   | $$  |  $$$$$$/| $$  | $$    | $$   |  $$$$$$/| $$  | $$    | $$
 \______/  \______/ |_______/ |__/  \__/      |______/   |__/   \______/ |__/  |__/    |__/    \______/ |__/  |__/    |__/
[39m
::Spring Boot Version: [31m (v3.1.0)[39m
::Application Version: [31m[39m

custom: ${key}

2023-06-16T16:31:51.266+08:00 ERROR 26115 --- [restartedMain] o.s.boot.SpringApplication               : Application run failed

com.springboot.demo.failureAnalyzer.exception.MyException: null
	at com.springboot.demo.listeners.MyApplicationRunListener.contextPrepared(MyApplicationRunListener.java:28) ~[classes/:na]
	at org.springframework.boot.SpringApplicationRunListeners.lambda$contextPrepared$3(SpringApplicationRunListeners.java:68) ~[spring-boot-3.1.0.jar:3.1.0]
	at java.base/java.lang.Iterable.forEach(Iterable.java:75) ~[na:na]
	at org.springframework.boot.SpringApplicationRunListeners.doWithListeners(SpringApplicationRunListeners.java:118) ~[spring-boot-3.1.0.jar:3.1.0]
	at org.springframework.boot.SpringApplicationRunListeners.doWithListeners(SpringApplicationRunListeners.java:112) ~[spring-boot-3.1.0.jar:3.1.0]
	at org.springframework.boot.SpringApplicationRunListeners.contextPrepared(SpringApplicationRunListeners.java:68) ~[spring-boot-3.1.0.jar:3.1.0]
	at org.springframework.boot.SpringApplication.prepareContext(SpringApplication.java:387) ~[spring-boot-3.1.0.jar:3.1.0]
	at org.springframework.boot.SpringApplication.run(SpringApplication.java:310) ~[spring-boot-3.1.0.jar:3.1.0]
	at com.springboot.demo.SpringBootDemoApplication.main(SpringBootDemoApplication.java:36) ~[classes/:na]
	at java.base/jdk.internal.reflect.NativeMethodAccessorImpl.invoke0(Native Method) ~[na:na]
	at java.base/jdk.internal.reflect.NativeMethodAccessorImpl.invoke(NativeMethodAccessorImpl.java:77) ~[na:na]
	at java.base/jdk.internal.reflect.DelegatingMethodAccessorImpl.invoke(DelegatingMethodAccessorImpl.java:43) ~[na:na]
	at java.base/java.lang.reflect.Method.invoke(Method.java:568) ~[na:na]
	at org.springframework.boot.devtools.restart.RestartLauncher.run(RestartLauncher.java:49) ~[spring-boot-devtools-3.1.0.jar:3.1.0]

2023-06-16T16:38:06.011+08:00  INFO 26166 --- [restartedMain] o.s.boot.SpringApplication               : [32m
  /$$$$$$   /$$$$$$  /$$$$$$$  /$$   /$$       /$$$$$$ /$$$$$$$$ /$$$$$$   /$$$$$$  /$$     /$$ /$$$$$$   /$$$$$$  /$$     /$$
 /$$__  $$ /$$__  $$| $$__  $$| $$$ | $$      |_  $$_/|__  $$__//$$__  $$ /$$__  $$|  $$   /$$//$$__  $$ /$$__  $$|  $$   /$$/
| $$  \__/| $$  \__/| $$  \ $$| $$$$| $$        | $$     | $$  | $$  \__/| $$  \ $$ \  $$ /$$/| $$  \__/| $$  \ $$ \  $$ /$$/
| $$      |  $$$$$$ | $$  | $$| $$ $$ $$ /$$$$$$| $$     | $$  |  $$$$$$ | $$$$$$$$  \  $$$$/ |  $$$$$$ | $$$$$$$$  \  $$$$/
| $$       \____  $$| $$  | $$| $$  $$$$|______/| $$     | $$   \____  $$| $$__  $$   \  $$/   \____  $$| $$__  $$   \  $$/
| $$    $$ /$$  \ $$| $$  | $$| $$\  $$$        | $$     | $$   /$$  \ $$| $$  | $$    | $$    /$$  \ $$| $$  | $$    | $$
|  $$$$$$/|  $$$$$$/| $$$$$$$/| $$ \  $$       /$$$$$$   | $$  |  $$$$$$/| $$  | $$    | $$   |  $$$$$$/| $$  | $$    | $$
 \______/  \______/ |_______/ |__/  \__/      |______/   |__/   \______/ |__/  |__/    |__/    \______/ |__/  |__/    |__/
[39m
::Spring Boot Version: [31m (v3.1.0)[39m
::Application Version: [31m[39m

custom: ${key}

2023-06-16T16:38:06.121+08:00 ERROR 26166 --- [restartedMain] o.s.b.d.LoggingFailureAnalysisReporter   : 

***************************
APPLICATION FAILED TO START
***************************

Description:

发生自定义异常

Action:

解决办法

2023-06-16T16:38:32.433+08:00  INFO 26178 --- [restartedMain] o.s.boot.SpringApplication               : [32m
  /$$$$$$   /$$$$$$  /$$$$$$$  /$$   /$$       /$$$$$$ /$$$$$$$$ /$$$$$$   /$$$$$$  /$$     /$$ /$$$$$$   /$$$$$$  /$$     /$$
 /$$__  $$ /$$__  $$| $$__  $$| $$$ | $$      |_  $$_/|__  $$__//$$__  $$ /$$__  $$|  $$   /$$//$$__  $$ /$$__  $$|  $$   /$$/
| $$  \__/| $$  \__/| $$  \ $$| $$$$| $$        | $$     | $$  | $$  \__/| $$  \ $$ \  $$ /$$/| $$  \__/| $$  \ $$ \  $$ /$$/
| $$      |  $$$$$$ | $$  | $$| $$ $$ $$ /$$$$$$| $$     | $$  |  $$$$$$ | $$$$$$$$  \  $$$$/ |  $$$$$$ | $$$$$$$$  \  $$$$/
| $$       \____  $$| $$  | $$| $$  $$$$|______/| $$     | $$   \____  $$| $$__  $$   \  $$/   \____  $$| $$__  $$   \  $$/
| $$    $$ /$$  \ $$| $$  | $$| $$\  $$$        | $$     | $$   /$$  \ $$| $$  | $$    | $$    /$$  \ $$| $$  | $$    | $$
|  $$$$$$/|  $$$$$$/| $$$$$$$/| $$ \  $$       /$$$$$$   | $$  |  $$$$$$/| $$  | $$    | $$   |  $$$$$$/| $$  | $$    | $$
 \______/  \______/ |_______/ |__/  \__/      |______/   |__/   \______/ |__/  |__/    |__/    \______/ |__/  |__/    |__/
[39m
::Spring Boot Version: [31m (v3.1.0)[39m
::Application Version: [31m[39m

custom: ${key}

2023-06-16T16:38:32.471+08:00  INFO 26178 --- [restartedMain] c.s.demo.SpringBootDemoApplication       : Starting SpringBootDemoApplication using Java 17.0.7 with PID 26178 (/Users/chenjujun/java-projects/Spring-Boot-Demo/Spring-Boot-Demo/target/classes started by apple in /Users/chenjujun/java-projects/Spring-Boot-Demo/Spring-Boot-Demo)
2023-06-16T16:38:32.472+08:00  INFO 26178 --- [restartedMain] c.s.demo.SpringBootDemoApplication       : No active profile set, falling back to 1 default profile: "default"
2023-06-16T16:38:32.498+08:00  INFO 26178 --- [restartedMain] .e.DevToolsPropertyDefaultsPostProcessor : Devtools property defaults active! Set 'spring.devtools.add-properties' to 'false' to disable
2023-06-16T16:38:32.498+08:00  INFO 26178 --- [restartedMain] .e.DevToolsPropertyDefaultsPostProcessor : For additional web related logging consider setting the 'logging.level.web' property to 'DEBUG'
2023-06-16T16:38:33.117+08:00  INFO 26178 --- [restartedMain] o.s.b.w.embedded.tomcat.TomcatWebServer  : Tomcat initialized with port(s): 8080 (http)
2023-06-16T16:38:33.126+08:00  INFO 26178 --- [restartedMain] o.apache.catalina.core.StandardService   : Starting service [Tomcat]
2023-06-16T16:38:33.126+08:00  INFO 26178 --- [restartedMain] o.apache.catalina.core.StandardEngine    : Starting Servlet engine: [Apache Tomcat/10.1.8]
2023-06-16T16:38:33.161+08:00  INFO 26178 --- [restartedMain] o.a.c.c.C.[Tomcat].[localhost].[/]       : Initializing Spring embedded WebApplicationContext
2023-06-16T16:38:33.161+08:00  INFO 26178 --- [restartedMain] w.s.c.ServletWebServerApplicationContext : Root WebApplicationContext: initialization completed in 663 ms
2023-06-16T16:38:33.185+08:00  INFO 26178 --- [restartedMain] com.zaxxer.hikari.HikariDataSource       : HikariPool-1 - Starting...
2023-06-16T16:38:33.317+08:00  INFO 26178 --- [restartedMain] com.zaxxer.hikari.pool.HikariPool        : HikariPool-1 - Added connection conn0: url=jdbc:h2:./spring-boot-demo user=ROOT
2023-06-16T16:38:33.318+08:00  INFO 26178 --- [restartedMain] com.zaxxer.hikari.HikariDataSource       : HikariPool-1 - Start completed.
2023-06-16T16:38:33.326+08:00  INFO 26178 --- [restartedMain] o.s.b.a.h2.H2ConsoleAutoConfiguration    : H2 console available at '/h2-console'. Database available at 'jdbc:h2:./spring-boot-demo'
2023-06-16T16:38:33.558+08:00  INFO 26178 --- [restartedMain] o.s.b.d.a.OptionalLiveReloadServer       : LiveReload server is running on port 35729
2023-06-16T16:38:33.575+08:00  INFO 26178 --- [restartedMain] o.s.b.w.embedded.tomcat.TomcatWebServer  : Tomcat started on port(s): 8080 (http) with context path ''
2023-06-16T16:38:33.581+08:00  INFO 26178 --- [restartedMain] c.s.demo.SpringBootDemoApplication       : Started SpringBootDemoApplication in 1.414 seconds (process running for 1.785)
2023-06-16T16:38:56.230+08:00  INFO 26178 --- [SpringApplicationShutdownHook] com.zaxxer.hikari.HikariDataSource       : HikariPool-1 - Shutdown initiated...
2023-06-16T16:38:56.232+08:00  INFO 26178 --- [SpringApplicationShutdownHook] com.zaxxer.hikari.HikariDataSource       : HikariPool-1 - Shutdown completed.
2023-06-16T16:38:58.539+08:00  INFO 26186 --- [restartedMain] o.s.boot.SpringApplication               : [32m
  /$$$$$$   /$$$$$$  /$$$$$$$  /$$   /$$       /$$$$$$ /$$$$$$$$ /$$$$$$   /$$$$$$  /$$     /$$ /$$$$$$   /$$$$$$  /$$     /$$
 /$$__  $$ /$$__  $$| $$__  $$| $$$ | $$      |_  $$_/|__  $$__//$$__  $$ /$$__  $$|  $$   /$$//$$__  $$ /$$__  $$|  $$   /$$/
| $$  \__/| $$  \__/| $$  \ $$| $$$$| $$        | $$     | $$  | $$  \__/| $$  \ $$ \  $$ /$$/| $$  \__/| $$  \ $$ \  $$ /$$/
| $$      |  $$$$$$ | $$  | $$| $$ $$ $$ /$$$$$$| $$     | $$  |  $$$$$$ | $$$$$$$$  \  $$$$/ |  $$$$$$ | $$$$$$$$  \  $$$$/
| $$       \____  $$| $$  | $$| $$  $$$$|______/| $$     | $$   \____  $$| $$__  $$   \  $$/   \____  $$| $$__  $$   \  $$/
| $$    $$ /$$  \ $$| $$  | $$| $$\  $$$        | $$     | $$   /$$  \ $$| $$  | $$    | $$    /$$  \ $$| $$  | $$    | $$
|  $$$$$$/|  $$$$$$/| $$$$$$$/| $$ \  $$       /$$$$$$   | $$  |  $$$$$$/| $$  | $$    | $$   |  $$$$$$/| $$  | $$    | $$
 \______/  \______/ |_______/ |__/  \__/      |______/   |__/   \______/ |__/  |__/    |__/    \______/ |__/  |__/    |__/
[39m
::Spring Boot Version: [31m (v3.1.0)[39m
::Application Version: [31m[39m

custom: ${key}

2023-06-16T16:38:58.646+08:00 ERROR 26186 --- [restartedMain] o.s.b.d.LoggingFailureAnalysisReporter   : 

***************************
APPLICATION FAILED TO START
***************************

Description:

发生自定义异常

Action:

解决办法

2023-06-16T16:39:34.437+08:00  INFO 26192 --- [restartedMain] o.s.boot.SpringApplication               : [32m
  /$$$$$$   /$$$$$$  /$$$$$$$  /$$   /$$       /$$$$$$ /$$$$$$$$ /$$$$$$   /$$$$$$  /$$     /$$ /$$$$$$   /$$$$$$  /$$     /$$
 /$$__  $$ /$$__  $$| $$__  $$| $$$ | $$      |_  $$_/|__  $$__//$$__  $$ /$$__  $$|  $$   /$$//$$__  $$ /$$__  $$|  $$   /$$/
| $$  \__/| $$  \__/| $$  \ $$| $$$$| $$        | $$     | $$  | $$  \__/| $$  \ $$ \  $$ /$$/| $$  \__/| $$  \ $$ \  $$ /$$/
| $$      |  $$$$$$ | $$  | $$| $$ $$ $$ /$$$$$$| $$     | $$  |  $$$$$$ | $$$$$$$$  \  $$$$/ |  $$$$$$ | $$$$$$$$  \  $$$$/
| $$       \____  $$| $$  | $$| $$  $$$$|______/| $$     | $$   \____  $$| $$__  $$   \  $$/   \____  $$| $$__  $$   \  $$/
| $$    $$ /$$  \ $$| $$  | $$| $$\  $$$        | $$     | $$   /$$  \ $$| $$  | $$    | $$    /$$  \ $$| $$  | $$    | $$
|  $$$$$$/|  $$$$$$/| $$$$$$$/| $$ \  $$       /$$$$$$   | $$  |  $$$$$$/| $$  | $$    | $$   |  $$$$$$/| $$  | $$    | $$
 \______/  \______/ |_______/ |__/  \__/      |______/   |__/   \______/ |__/  |__/    |__/    \______/ |__/  |__/    |__/
[39m
::Spring Boot Version: [31m (v3.1.0)[39m
::Application Version: [31m[39m

custom: ${key}

2023-06-16T16:39:34.548+08:00 ERROR 26192 --- [restartedMain] o.s.b.d.LoggingFailureAnalysisReporter   : 

***************************
APPLICATION FAILED TO START
***************************

Description:

发生自定义异常

Action:

由于自定义了一个异常

2023-06-16T16:50:14.218+08:00  INFO 26290 --- [restartedMain] o.s.boot.SpringApplication               : [32m
  /$$$$$$   /$$$$$$  /$$$$$$$  /$$   /$$       /$$$$$$ /$$$$$$$$ /$$$$$$   /$$$$$$  /$$     /$$ /$$$$$$   /$$$$$$  /$$     /$$
 /$$__  $$ /$$__  $$| $$__  $$| $$$ | $$      |_  $$_/|__  $$__//$$__  $$ /$$__  $$|  $$   /$$//$$__  $$ /$$__  $$|  $$   /$$/
| $$  \__/| $$  \__/| $$  \ $$| $$$$| $$        | $$     | $$  | $$  \__/| $$  \ $$ \  $$ /$$/| $$  \__/| $$  \ $$ \  $$ /$$/
| $$      |  $$$$$$ | $$  | $$| $$ $$ $$ /$$$$$$| $$     | $$  |  $$$$$$ | $$$$$$$$  \  $$$$/ |  $$$$$$ | $$$$$$$$  \  $$$$/
| $$       \____  $$| $$  | $$| $$  $$$$|______/| $$     | $$   \____  $$| $$__  $$   \  $$/   \____  $$| $$__  $$   \  $$/
| $$    $$ /$$  \ $$| $$  | $$| $$\  $$$        | $$     | $$   /$$  \ $$| $$  | $$    | $$    /$$  \ $$| $$  | $$    | $$
|  $$$$$$/|  $$$$$$/| $$$$$$$/| $$ \  $$       /$$$$$$   | $$  |  $$$$$$/| $$  | $$    | $$   |  $$$$$$/| $$  | $$    | $$
 \______/  \______/ |_______/ |__/  \__/      |______/   |__/   \______/ |__/  |__/    |__/    \______/ |__/  |__/    |__/
[39m
::Spring Boot Version: [31m (v3.1.0)[39m
::Application Version: [31m[39m

custom: ${key}

2023-06-16T16:52:56.719+08:00 ERROR 26290 --- [restartedMain] o.s.b.d.LoggingFailureAnalysisReporter   : 

***************************
APPLICATION FAILED TO START
***************************

Description:

发生自定义异常

Action:

由于自定义了一个异常

2023-06-16T16:52:57.838+08:00  INFO 26313 --- [restartedMain] o.s.boot.SpringApplication               : [32m
  /$$$$$$   /$$$$$$  /$$$$$$$  /$$   /$$       /$$$$$$ /$$$$$$$$ /$$$$$$   /$$$$$$  /$$     /$$ /$$$$$$   /$$$$$$  /$$     /$$
 /$$__  $$ /$$__  $$| $$__  $$| $$$ | $$      |_  $$_/|__  $$__//$$__  $$ /$$__  $$|  $$   /$$//$$__  $$ /$$__  $$|  $$   /$$/
| $$  \__/| $$  \__/| $$  \ $$| $$$$| $$        | $$     | $$  | $$  \__/| $$  \ $$ \  $$ /$$/| $$  \__/| $$  \ $$ \  $$ /$$/
| $$      |  $$$$$$ | $$  | $$| $$ $$ $$ /$$$$$$| $$     | $$  |  $$$$$$ | $$$$$$$$  \  $$$$/ |  $$$$$$ | $$$$$$$$  \  $$$$/
| $$       \____  $$| $$  | $$| $$  $$$$|______/| $$     | $$   \____  $$| $$__  $$   \  $$/   \____  $$| $$__  $$   \  $$/
| $$    $$ /$$  \ $$| $$  | $$| $$\  $$$        | $$     | $$   /$$  \ $$| $$  | $$    | $$    /$$  \ $$| $$  | $$    | $$
|  $$$$$$/|  $$$$$$/| $$$$$$$/| $$ \  $$       /$$$$$$   | $$  |  $$$$$$/| $$  | $$    | $$   |  $$$$$$/| $$  | $$    | $$
 \______/  \______/ |_______/ |__/  \__/      |______/   |__/   \______/ |__/  |__/    |__/    \______/ |__/  |__/    |__/
[39m
::Spring Boot Version: [31m (v3.1.0)[39m
::Application Version: [31m[39m

custom: ${key}

2023-06-16T16:53:07.036+08:00 ERROR 26313 --- [restartedMain] o.s.b.d.LoggingFailureAnalysisReporter   : 

***************************
APPLICATION FAILED TO START
***************************

Description:

发生自定义异常

Action:

由于自定义了一个异常

